<?xml version="1.0" encoding="UTF-8"?>
<testng-results ignored="0" total="2" passed="2" failed="0" skipped="0">
  <reporter-output>
  </reporter-output>
  <suite started-at="2023-12-13T11:33:36 IST" name="Suite" finished-at="2023-12-13T11:33:36 IST" duration-ms="48">
    <groups>
    </groups>
    <test started-at="2023-12-13T11:33:36 IST" name="Test" finished-at="2023-12-13T11:33:36 IST" duration-ms="48">
      <class name="Demo.First">
        <test-method signature="demo()[pri:0, instance:Demo.First@5b03b9fe]" started-at="2023-12-13T11:33:36 IST" name="demo" finished-at="2023-12-13T11:33:36 IST" duration-ms="16" status="PASS">
          <reporter-output>
          </reporter-output>
        </test-method> <!-- demo -->
      </class> <!-- Demo.First -->
    </test> <!-- Test -->
  </suite> <!-- Suite -->
  <suite started-at="2023-12-13T11:33:36 IST" name="Suite (0)" finished-at="2023-12-13T11:33:49 IST" duration-ms="12948">
    <groups>
    </groups>
    <test started-at="2023-12-13T11:33:36 IST" name="Test" finished-at="2023-12-13T11:33:49 IST" duration-ms="12948">
      <class name="Demo.SeleniumDemoProgram">
        <test-method signature="loginTest(java.lang.String)[pri:0, instance:Demo.SeleniumDemoProgram@63376bed]" started-at="2023-12-13T11:33:36 IST" name="loginTest" finished-at="2023-12-13T11:33:49 IST" duration-ms="12948" status="PASS">
          <params>
            <param index="0">
              <value>
                <![CDATA['chrome']]>
              </value>
            </param>
          </params>
          <reporter-output>
          </reporter-output>
        </test-method> <!-- loginTest -->
      </class> <!-- Demo.SeleniumDemoProgram -->
    </test> <!-- Test -->
  </suite> <!-- Suite (0) -->
</testng-results>
