<?xml version="1.0" encoding="UTF-8"?>
<testng-results ignored="0" total="1" passed="1" failed="0" skipped="0">
  <reporter-output>
  </reporter-output>
  <suite started-at="2023-12-13T09:49:35 IST" name="Suite" finished-at="2023-12-13T09:49:44 IST" duration-ms="9072">
    <groups>
    </groups>
    <test started-at="2023-12-13T09:49:35 IST" name="Test" finished-at="2023-12-13T09:49:44 IST" duration-ms="9072">
      <class name="Demo.SeleniumDemoProgram">
        <test-method signature="loginTest()[pri:0, instance:Demo.SeleniumDemoProgram@1e6a3214]" started-at="2023-12-13T09:49:35 IST" name="loginTest" finished-at="2023-12-13T09:49:44 IST" duration-ms="9021" status="PASS">
          <reporter-output>
          </reporter-output>
        </test-method> <!-- loginTest -->
      </class> <!-- Demo.SeleniumDemoProgram -->
    </test> <!-- Test -->
  </suite> <!-- Suite -->
</testng-results>
