<?xml version="1.0" encoding="UTF-8"?>
<testng-results ignored="0" total="1" passed="1" failed="0" skipped="0">
  <reporter-output>
  </reporter-output>
  <suite started-at="2023-12-13T05:58:50 IST" name="Suite" finished-at="2023-12-13T05:58:50 IST" duration-ms="69">
    <groups>
    </groups>
    <test started-at="2023-12-13T05:58:50 IST" name="Test" finished-at="2023-12-13T05:58:50 IST" duration-ms="69">
      <class name="Demo.First">
        <test-method signature="demo()[pri:0, instance:Demo.First@273e7444]" started-at="2023-12-13T05:58:50 IST" name="demo" finished-at="2023-12-13T05:58:50 IST" duration-ms="9" status="PASS">
          <reporter-output>
          </reporter-output>
        </test-method> <!-- demo -->
      </class> <!-- Demo.First -->
    </test> <!-- Test -->
  </suite> <!-- Suite -->
</testng-results>
